
----------------------------------------------------------------------------
  Python:
----------------------------------------------------------------------------
    Description:
      Python is a programming language that lets you work more quickly and
      integrate your systems more effectively.

     Versions:
        Python/2.7.16-GCCcore-8.3.0
        Python/2.7.18-GCCcore-11.3.0-bare
        Python/2.7.18-GCCcore-12.3.0-bare
        Python/2.7.18-GCCcore-12.3.0
        Python/2.7.18-GCCcore-13.3.0
        Python/3.9.5-GCCcore-10.3.0-bare
        Python/3.9.5-GCCcore-10.3.0
        Python/3.10.4-GCCcore-11.3.0-bare
        Python/3.10.4-GCCcore-11.3.0
        Python/3.11.3-GCCcore-12.3.0
        Python/3.11.5-GCCcore-13.2.0
        Python/3.12.3-GCCcore-13.3.0
     Other possible modules matches:
        Biopython  GitPython  IPython  Python-bundle-PyPI  flatbuffers-python  ...

----------------------------------------------------------------------------
  To find other possible module matches execute:

      $ module -r spider '.*Python.*'

----------------------------------------------------------------------------
  For detailed information about a specific "Python" package (including how to load the modules) use the module's full name.
  Note that names that have a trailing (E) are extensions provided by other modules.
  For example:

     $ module spider Python/3.12.3-GCCcore-13.3.0
----------------------------------------------------------------------------

 

Requirement already satisfied: pip in /projects/F202500001HPCVLABEPICURE/mca57876/ADGD_/env-spark/lib/python3.6/site-packages (21.3.1)
Requirement already satisfied: setuptools in /projects/F202500001HPCVLABEPICURE/mca57876/ADGD_/env-spark/lib/python3.6/site-packages (59.6.0)
Requirement already satisfied: wheel in /projects/F202500001HPCVLABEPICURE/mca57876/ADGD_/env-spark/lib/python3.6/site-packages (0.37.1)
Requirement already satisfied: torch in /projects/F202500001HPCVLABEPICURE/mca57876/ADGD_/env-spark/lib/python3.6/site-packages (1.10.2)
Requirement already satisfied: torchvision in /projects/F202500001HPCVLABEPICURE/mca57876/ADGD_/env-spark/lib/python3.6/site-packages (0.11.3)
Requirement already satisfied: dataclasses in /projects/F202500001HPCVLABEPICURE/mca57876/ADGD_/env-spark/lib/python3.6/site-packages (from torch) (0.8)
Requirement already satisfied: typing-extensions in /projects/F202500001HPCVLABEPICURE/mca57876/ADGD_/env-spark/lib/python3.6/site-packages (from torch) (4.1.1)
Requirement already satisfied: numpy in /projects/F202500001HPCVLABEPICURE/mca57876/ADGD_/env-spark/lib/python3.6/site-packages (from torchvision) (1.19.5)
Requirement already satisfied: pillow!=8.3.0,>=5.3.0 in /projects/F202500001HPCVLABEPICURE/mca57876/ADGD_/env-spark/lib/python3.6/site-packages (from torchvision) (8.4.0)
Requirement already satisfied: pandas in /projects/F202500001HPCVLABEPICURE/mca57876/ADGD_/env-spark/lib/python3.6/site-packages (1.1.5)
Requirement already satisfied: scikit-learn in /projects/F202500001HPCVLABEPICURE/mca57876/ADGD_/env-spark/lib/python3.6/site-packages (0.24.2)
Requirement already satisfied: tqdm in /projects/F202500001HPCVLABEPICURE/mca57876/ADGD_/env-spark/lib/python3.6/site-packages (4.64.1)
Requirement already satisfied: numpy>=1.15.4 in /projects/F202500001HPCVLABEPICURE/mca57876/ADGD_/env-spark/lib/python3.6/site-packages (from pandas) (1.19.5)
Requirement already satisfied: pytz>=2017.2 in /projects/F202500001HPCVLABEPICURE/mca57876/ADGD_/env-spark/lib/python3.6/site-packages (from pandas) (2025.2)
Requirement already satisfied: python-dateutil>=2.7.3 in /projects/F202500001HPCVLABEPICURE/mca57876/ADGD_/env-spark/lib/python3.6/site-packages (from pandas) (2.9.0.post0)
Requirement already satisfied: scipy>=0.19.1 in /projects/F202500001HPCVLABEPICURE/mca57876/ADGD_/env-spark/lib/python3.6/site-packages (from scikit-learn) (1.5.4)
Requirement already satisfied: joblib>=0.11 in /projects/F202500001HPCVLABEPICURE/mca57876/ADGD_/env-spark/lib/python3.6/site-packages (from scikit-learn) (1.1.1)
Requirement already satisfied: threadpoolctl>=2.0.0 in /projects/F202500001HPCVLABEPICURE/mca57876/ADGD_/env-spark/lib/python3.6/site-packages (from scikit-learn) (3.1.0)
Requirement already satisfied: importlib-resources in /projects/F202500001HPCVLABEPICURE/mca57876/ADGD_/env-spark/lib/python3.6/site-packages (from tqdm) (5.4.0)
Requirement already satisfied: six>=1.5 in /projects/F202500001HPCVLABEPICURE/mca57876/ADGD_/env-spark/lib/python3.6/site-packages (from python-dateutil>=2.7.3->pandas) (1.17.0)
Requirement already satisfied: zipp>=3.1.0 in /projects/F202500001HPCVLABEPICURE/mca57876/ADGD_/env-spark/lib/python3.6/site-packages (from importlib-resources->tqdm) (3.6.0)
Requirement already satisfied: pyarrow in /projects/F202500001HPCVLABEPICURE/mca57876/ADGD_/env-spark/lib/python3.6/site-packages (6.0.1)
