
----------------------------------------------------------------------------
  Python:
----------------------------------------------------------------------------
    Description:
      Python is a programming language that lets you work more quickly and
      integrate your systems more effectively.

     Versions:
        Python/2.7.16-GCCcore-8.3.0
        Python/2.7.18-GCCcore-11.3.0-bare
        Python/3.9.5-GCCcore-10.3.0-bare
        Python/3.9.5-GCCcore-10.3.0
        Python/3.10.4-GCCcore-11.3.0-bare
        Python/3.10.4-GCCcore-11.3.0
        Python/3.11.3-GCCcore-12.3.0
        Python/3.11.5-GCCcore-13.2.0
        Python/3.12.3-GCCcore-13.3.0
     Other possible modules matches:
        Python-bundle-PyPI  meson-python  protobuf-python

----------------------------------------------------------------------------
  To find other possible module matches execute:

      $ module -r spider '.*Python.*'

----------------------------------------------------------------------------
  For detailed information about a specific "Python" package (including how to load the modules) use the module's full name.
  Note that names that have a trailing (E) are extensions provided by other modules.
  For example:

     $ module spider Python/3.12.3-GCCcore-13.3.0
----------------------------------------------------------------------------

 


Currently Loaded Modules:
  1) GCCcore/13.3.0                   7) Tcl/8.6.14-GCCcore-13.3.0
  2) zlib/1.3.1-GCCcore-13.3.0        8) SQLite/3.45.3-GCCcore-13.3.0
  3) binutils/2.42-GCCcore-13.3.0     9) XZ/5.4.5-GCCcore-13.3.0
  4) bzip2/1.0.8-GCCcore-13.3.0      10) libffi/3.4.5-GCCcore-13.3.0
  5) ncurses/6.5-GCCcore-13.3.0      11) OpenSSL/1.1
  6) libreadline/8.2-GCCcore-13.3.0  12) Python/3.12.3-GCCcore-13.3.0

 

Requirement already satisfied: pip in /home/mca57876/venv/arm_torch/lib/python3.12/site-packages (25.1.1)
Requirement already satisfied: setuptools in /home/mca57876/venv/arm_torch/lib/python3.12/site-packages (80.9.0)
Requirement already satisfied: wheel in /home/mca57876/venv/arm_torch/lib/python3.12/site-packages (0.45.1)
Looking in indexes: https://pypi.org/simple, https://download.pytorch.org/whl/arm64
Requirement already satisfied: torch in /home/mca57876/venv/arm_torch/lib/python3.12/site-packages (2.7.0)
Requirement already satisfied: torchvision in /home/mca57876/venv/arm_torch/lib/python3.12/site-packages (0.22.0)
Requirement already satisfied: filelock in /home/mca57876/venv/arm_torch/lib/python3.12/site-packages (from torch) (3.18.0)
Requirement already satisfied: typing-extensions>=4.10.0 in /home/mca57876/venv/arm_torch/lib/python3.12/site-packages (from torch) (4.13.2)
Requirement already satisfied: setuptools in /home/mca57876/venv/arm_torch/lib/python3.12/site-packages (from torch) (80.9.0)
Requirement already satisfied: sympy>=1.13.3 in /home/mca57876/venv/arm_torch/lib/python3.12/site-packages (from torch) (1.14.0)
Requirement already satisfied: networkx in /home/mca57876/venv/arm_torch/lib/python3.12/site-packages (from torch) (3.5)
Requirement already satisfied: jinja2 in /home/mca57876/venv/arm_torch/lib/python3.12/site-packages (from torch) (3.1.6)
Requirement already satisfied: fsspec in /home/mca57876/venv/arm_torch/lib/python3.12/site-packages (from torch) (2025.5.1)
Requirement already satisfied: numpy in /home/mca57876/venv/arm_torch/lib/python3.12/site-packages (from torchvision) (2.2.6)
Requirement already satisfied: pillow!=8.3.*,>=5.3.0 in /home/mca57876/venv/arm_torch/lib/python3.12/site-packages (from torchvision) (11.2.1)
Requirement already satisfied: mpmath<1.4,>=1.1.0 in /home/mca57876/venv/arm_torch/lib/python3.12/site-packages (from sympy>=1.13.3->torch) (1.3.0)
Requirement already satisfied: MarkupSafe>=2.0 in /home/mca57876/venv/arm_torch/lib/python3.12/site-packages (from jinja2->torch) (3.0.2)
Requirement already satisfied: pandas in /home/mca57876/venv/arm_torch/lib/python3.12/site-packages (2.2.3)
Requirement already satisfied: scikit-learn in /home/mca57876/venv/arm_torch/lib/python3.12/site-packages (1.6.1)
Requirement already satisfied: tqdm in /home/mca57876/venv/arm_torch/lib/python3.12/site-packages (4.67.1)
Requirement already satisfied: numpy>=1.26.0 in /home/mca57876/venv/arm_torch/lib/python3.12/site-packages (from pandas) (2.2.6)
Requirement already satisfied: python-dateutil>=2.8.2 in /home/mca57876/venv/arm_torch/lib/python3.12/site-packages (from pandas) (2.9.0.post0)
Requirement already satisfied: pytz>=2020.1 in /home/mca57876/venv/arm_torch/lib/python3.12/site-packages (from pandas) (2025.2)
Requirement already satisfied: tzdata>=2022.7 in /home/mca57876/venv/arm_torch/lib/python3.12/site-packages (from pandas) (2025.2)
Requirement already satisfied: scipy>=1.6.0 in /home/mca57876/venv/arm_torch/lib/python3.12/site-packages (from scikit-learn) (1.15.3)
Requirement already satisfied: joblib>=1.2.0 in /home/mca57876/venv/arm_torch/lib/python3.12/site-packages (from scikit-learn) (1.5.1)
Requirement already satisfied: threadpoolctl>=3.1.0 in /home/mca57876/venv/arm_torch/lib/python3.12/site-packages (from scikit-learn) (3.6.0)
Requirement already satisfied: six>=1.5 in /home/mca57876/venv/arm_torch/lib/python3.12/site-packages (from python-dateutil>=2.8.2->pandas) (1.17.0)
Requirement already satisfied: pyarrow in /home/mca57876/venv/arm_torch/lib/python3.12/site-packages (20.0.0)
Requirement already satisfied: fastparquet in /home/mca57876/venv/arm_torch/lib/python3.12/site-packages (2024.11.0)
Requirement already satisfied: matplotlib in /home/mca57876/venv/arm_torch/lib/python3.12/site-packages (3.10.3)
Requirement already satisfied: seaborn in /home/mca57876/venv/arm_torch/lib/python3.12/site-packages (0.13.2)
Requirement already satisfied: pandas>=1.5.0 in /home/mca57876/venv/arm_torch/lib/python3.12/site-packages (from fastparquet) (2.2.3)
Requirement already satisfied: numpy in /home/mca57876/venv/arm_torch/lib/python3.12/site-packages (from fastparquet) (2.2.6)
Requirement already satisfied: cramjam>=2.3 in /home/mca57876/venv/arm_torch/lib/python3.12/site-packages (from fastparquet) (2.10.0)
Requirement already satisfied: fsspec in /home/mca57876/venv/arm_torch/lib/python3.12/site-packages (from fastparquet) (2025.5.1)
Requirement already satisfied: packaging in /home/mca57876/venv/arm_torch/lib/python3.12/site-packages (from fastparquet) (25.0)
Requirement already satisfied: contourpy>=1.0.1 in /home/mca57876/venv/arm_torch/lib/python3.12/site-packages (from matplotlib) (1.3.2)
Requirement already satisfied: cycler>=0.10 in /home/mca57876/venv/arm_torch/lib/python3.12/site-packages (from matplotlib) (0.12.1)
Requirement already satisfied: fonttools>=4.22.0 in /home/mca57876/venv/arm_torch/lib/python3.12/site-packages (from matplotlib) (4.58.1)
Requirement already satisfied: kiwisolver>=1.3.1 in /home/mca57876/venv/arm_torch/lib/python3.12/site-packages (from matplotlib) (1.4.8)
Requirement already satisfied: pillow>=8 in /home/mca57876/venv/arm_torch/lib/python3.12/site-packages (from matplotlib) (11.2.1)
Requirement already satisfied: pyparsing>=2.3.1 in /home/mca57876/venv/arm_torch/lib/python3.12/site-packages (from matplotlib) (3.2.3)
Requirement already satisfied: python-dateutil>=2.7 in /home/mca57876/venv/arm_torch/lib/python3.12/site-packages (from matplotlib) (2.9.0.post0)
Requirement already satisfied: pytz>=2020.1 in /home/mca57876/venv/arm_torch/lib/python3.12/site-packages (from pandas>=1.5.0->fastparquet) (2025.2)
Requirement already satisfied: tzdata>=2022.7 in /home/mca57876/venv/arm_torch/lib/python3.12/site-packages (from pandas>=1.5.0->fastparquet) (2025.2)
Requirement already satisfied: six>=1.5 in /home/mca57876/venv/arm_torch/lib/python3.12/site-packages (from python-dateutil>=2.7->matplotlib) (1.17.0)
Collecting findspark
  Using cached findspark-2.0.1-py2.py3-none-any.whl.metadata (352 bytes)
Using cached findspark-2.0.1-py2.py3-none-any.whl (4.4 kB)
Installing collected packages: findspark
Successfully installed findspark-2.0.1
Collecting pyspark
  Downloading pyspark-4.0.0.tar.gz (434.1 MB)
     ━━━━━━━━━━━━━━━━━━━━━━━━━━━━━━━━━━━━━━ 434.1/434.1 MB 19.2 MB/s eta 0:00:00
  Preparing metadata (setup.py): started
  Preparing metadata (setup.py): finished with status 'done'
Collecting py4j==0.10.9.9 (from pyspark)
  Downloading py4j-0.10.9.9-py2.py3-none-any.whl.metadata (1.3 kB)
Downloading py4j-0.10.9.9-py2.py3-none-any.whl (203 kB)
Building wheels for collected packages: pyspark
  Building wheel for pyspark (setup.py): started
  Building wheel for pyspark (setup.py): finished with status 'done'
  Created wheel for pyspark: filename=pyspark-4.0.0-py2.py3-none-any.whl size=434741299 sha256=d3d661e8c01fc655bfac8720743689fd2e77ea934b4fad843056b9b38dd53304
  Stored in directory: /home/mca57876/.cache/pip/wheels/2d/77/9b/12660be70f7f447940a0caede37ae208b2e0d1c8487dce52a6
Successfully built pyspark
Installing collected packages: py4j, pyspark

Successfully installed py4j-0.10.9.9 pyspark-4.0.0
SJN: cna0001
Nodes: cna0001
Head node IP: 10.1.1.1
Running Spark...
Número de partições de job_logs: 100
Total de registros em job_logs: 2620
Resultados escritos em /projects/F202500001HPCVLABEPICURE/mca57876/ADGD_/ADGD/outputs/params.tex
Spark runtime: 513 seconds
Running Torch...
DEBUG :: 6
Epoch [1/10] - Treinamento: Loss: 1.7112, Accuracy: 45.51%
           Validação:   Loss: 1.6099, Accuracy: 60.69%
Epoch [2/10] - Treinamento: Loss: 1.4439, Accuracy: 62.01%
           Validação:   Loss: 1.3711, Accuracy: 61.26%
Epoch [3/10] - Treinamento: Loss: 1.2373, Accuracy: 63.13%
           Validação:   Loss: 1.1908, Accuracy: 63.74%
Epoch [4/10] - Treinamento: Loss: 1.0887, Accuracy: 63.62%
           Validação:   Loss: 1.0557, Accuracy: 63.93%
Epoch [5/10] - Treinamento: Loss: 0.9796, Accuracy: 66.55%
           Validação:   Loss: 0.9579, Accuracy: 70.42%
Epoch [6/10] - Treinamento: Loss: 0.8999, Accuracy: 69.24%
           Validação:   Loss: 0.8851, Accuracy: 70.42%
Epoch [7/10] - Treinamento: Loss: 0.8396, Accuracy: 69.58%
           Validação:   Loss: 0.8323, Accuracy: 70.42%
Epoch [8/10] - Treinamento: Loss: 0.7994, Accuracy: 69.87%
           Validação:   Loss: 0.7913, Accuracy: 70.42%
Epoch [9/10] - Treinamento: Loss: 0.7570, Accuracy: 70.51%
           Validação:   Loss: 0.7588, Accuracy: 73.09%
Epoch [10/10] - Treinamento: Loss: 0.7264, Accuracy: 72.56%
           Validação:   Loss: 0.7331, Accuracy: 73.09%
Modelo salvo em /projects/F202500001HPCVLABEPICURE/mca57876/ADGD_/ADGD/outputs/pytorch_model.pt
Torch runtime: 271 seconds
Running Inference...
Não foi possível carregar o scaler ([Errno 2] No such file or directory: '/projects/F202500001HPCVLABEPICURE/mca57876/ADGD_/ADGD/outputs/scaler.pkl'). Usando fit_transform nos dados de inferência.
Modelo carregado de /projects/F202500001HPCVLABEPICURE/mca57876/ADGD_/ADGD/outputs/pytorch_model.pt
Previsões salvas em /projects/F202500001HPCVLABEPICURE/mca57876/ADGD_/ADGD/outputs/predictions.csv

--- Análise de Resultados ---
Acurácia: 72.37%

Relatório de Classificação:
              precision    recall  f1-score   support

           0       0.71      0.78      0.74      1312
           1       0.72      0.87      0.79       231
           2       0.00      0.00      0.00       314
           3       0.75      1.00      0.85       674
           5       0.00      0.00      0.00        89

    accuracy                           0.72      2620
   macro avg       0.44      0.53      0.48      2620
weighted avg       0.61      0.72      0.66      2620


--- Conclusões Finais ---
O modelo obteve uma acurácia geral de 72.37%.
A matriz de confusão e o relatório de classificação indicam que há confusões entre
determinadas classes, o que sugere a necessidade de aprimoramentos na extração de features
ou na arquitetura do modelo.
Recomenda-se, para trabalhos futuros, salvar o scaler utilizado no treinamento para garantir
que o pré-processamento na inferência seja idêntico e, assim, evitar discrepâncias que possam
afetar a performance.
Inference runtime: 112 seconds
Pipeline total runtime: 1161 seconds
